/usr/lib/python3/dist-packages/requests/__init__.py:87: RequestsDependencyWarning: urllib3 (2.5.0) or chardet (4.0.0) doesn't match a supported version!
  warnings.warn("urllib3 ({}) or chardet ({}) doesn't match a supported "
/usr/lib/python3/dist-packages/requests/__init__.py:87: RequestsDependencyWarning: urllib3 (2.5.0) or chardet (4.0.0) doesn't match a supported version!
  warnings.warn("urllib3 ({}) or chardet ({}) doesn't match a supported "
Traceback (most recent call last):
  File "/opt/price-scraper/royalorchid.py", line 116, in <module>
    main()
  File "/opt/price-scraper/royalorchid.py", line 110, in main
    write_price_to_csv(number) 
  File "/opt/price-scraper/royalorchid.py", line 29, in write_price_to_csv
    with open(filename, mode="a", newline="") as f:
FileNotFoundError: [Errno 2] No such file or directory: 'prices/royal_orchid_hotel_prices.csv'
/usr/lib/python3/dist-packages/requests/__init__.py:87: RequestsDependencyWarning: urllib3 (2.5.0) or chardet (4.0.0) doesn't match a supported version!
  warnings.warn("urllib3 ({}) or chardet ({}) doesn't match a supported "
Traceback (most recent call last):
  File "/opt/price-scraper/sarovar.py", line 102, in <module>
    main()
  File "/opt/price-scraper/sarovar.py", line 93, in main
    write_price_to_csv(number)  
  File "/opt/price-scraper/sarovar.py", line 30, in write_price_to_csv
    with open(filename, mode="a", newline="") as f:
FileNotFoundError: [Errno 2] No such file or directory: 'prices/sarovar_hotel_prices.csv'
/usr/lib/python3/dist-packages/requests/__init__.py:87: RequestsDependencyWarning: urllib3 (2.5.0) or chardet (4.0.0) doesn't match a supported version!
  warnings.warn("urllib3 ({}) or chardet ({}) doesn't match a supported "
Traceback (most recent call last):
  File "/opt/price-scraper/lemontree.py", line 115, in <module>
    main()
  File "/opt/price-scraper/lemontree.py", line 106, in main
    write_price_to_csv(clean_price)
  File "/opt/price-scraper/lemontree.py", line 30, in write_price_to_csv
    with open(filename, mode="a", newline="") as f:
FileNotFoundError: [Errno 2] No such file or directory: 'prices/lemontree_hotel_prices.csv'
/usr/lib/python3/dist-packages/requests/__init__.py:87: RequestsDependencyWarning: urllib3 (2.5.0) or chardet (4.0.0) doesn't match a supported version!
  warnings.warn("urllib3 ({}) or chardet ({}) doesn't match a supported "
Traceback (most recent call last):
  File "/opt/price-scraper/ginger.py", line 110, in <module>
    main()
  File "/opt/price-scraper/ginger.py", line 92, in main
    write_price_to_csv(number,"Membership") 
  File "/opt/price-scraper/ginger.py", line 51, in write_price_to_csv
    with open(filename, mode="a", newline="") as f:
FileNotFoundError: [Errno 2] No such file or directory: 'prices/ginger_hotel_prices.csv'
